[2025-07-22T01:15:06.437Z] DFNS Webhook Received: {
  "id": "whe-5ft9r-443a3-8vk83onv1iqq1cad",
  "kind": "wallet.blockchainevent.detected",
  "date": "2025-07-22T01:01:31.369Z",
  "data": {
    "blockchainEvent": {
      "walletId": "wa-6bbqm-2gds9-8mca6m3vh2pebaft",
      "symbol": "testXLM",
      "metadata": {
        "asset": {
          "symbol": "testXLM",
          "decimals": 7
        },
        "fee": {
          "symbol": "testXLM",
          "decimals": 7
        }
      },
      "kind": "NativeTransfer",
      "fee": "100",
      "index": "2469636259975169",
      "orgId": "or-2c9hk-pu46t-8i3o8fqge87oubpi",
      "network": "StellarTestnet",
      "blockNumber": 575007,
      "decimals": 7,
      "from": "GAIH3ULLFQ4DGSECF2AR555KZ4KNDGEKN4AFI4SU2M7B43MGK3QJZNSR",
      "to": "GDMOKRKR5WW2WEEBM277CTEMTI4YL3BUET5OWH24FEJYBL5UFVJ33BJZ",
      "txHash": "065fc661f0439759bc8551c1650dd58b626c7aaa7aaaa28620db27864fe6c553",
      "value": "100000000000",
      "direction": "In",
      "timestamp": "2025-07-22T01:01:13.000Z"
    },
    "wallet": {
      "address": "GDMOKRKR5WW2WEEBM277CTEMTI4YL3BUET5OWH24FEJYBL5UFVJ33BJZ",
      "dateCreated": "2025-07-22T01:00:56.775Z",
      "custodial": true,
      "name": "ADD",
      "externalId": "74634",
      "signingKey": {
        "id": "key-1alfi-q490l-9f393ht73b11civm",
        "publicKey": "d8e54551edadab108166bff14c8c9a3985ec3424faeb1f5c291380afb42d53bd",
        "scheme": "EdDSA",
        "curve": "ed25519"
      },
      "id": "wa-6bbqm-2gds9-8mca6m3vh2pebaft",
      "network": "StellarTestnet",
      "status": "Active",
      "tags": []
    }
  },
  "deliveryAttempt": 3,
  "retryOf": "whe-7778t-h2m98-mlq95ofie4fqmb0",
  "timestampSent": 1753146909
}
