[2025-07-22T01:16:07.528Z] {
  "id": "whe-504ic-9ejdc-9inpvnvt8kdi1tr0",
  "kind": "wallet.transfer.confirmed",
  "timestampSent": 1753146969,
  "data": {
    "transferRequest": {
      "requester": {
        "userId": "us-7fsam-ert0a-9iiqn0beo97p35ct"
      },
      "walletId": "wa-6bbqm-2gds9-8mca6m3vh2pebaft",
      "metadata": {
        "asset": {
          "symbol": "testXLM",
          "decimals": 7,
          "quotes": {}
        }
      },
      "requestBody": {
        "kind": "Native",
        "amount": "10000000000",
        "to": "GCRV3SU2QBMPL6OB6UVYPRCDQEVRRUNTUIHV2LSBXGT7RUFPVKBVHHDU"
      },
      "fee": "100",
      "dateRequested": "2025-07-22T01:02:36.906Z",
      "dateBroadcasted": "2025-07-22T01:02:37.904Z",
      "id": "xfr-5edne-g983m-84qosmskovc1lri4",
      "dateConfirmed": "2025-07-22T01:02:43.000Z",
      "txHash": "6650f605b21501bd2afcf913f2b3e5a897c32e73b799a505f9abe9b136da8e2f",
      "network": "StellarTestnet",
      "status": "Confirmed"
    }
  }
}
[2025-07-22T01:16:07.959Z] {
  "id": "whe-3jrta-qtp7n-857ojj1megv13pgq",
  "kind": "wallet.blockchainevent.detected",
  "timestampSent": 1753146969,
  "data": {
    "blockchainEvent": {
      "walletId": "wa-6kfq6-5l60l-9jgrm2sbk2udbvkp",
      "symbol": "testXLM",
      "metadata": {
        "asset": {
          "symbol": "testXLM",
          "decimals": 7
        },
        "fee": {
          "symbol": "testXLM",
          "decimals": 7
        }
      },
      "kind": "NativeTransfer",
      "fee": "100",
      "index": "2469713569386497",
      "orgId": "or-2c9hk-pu46t-8i3o8fqge87oubpi",
      "network": "StellarTestnet",
      "blockNumber": 575025,
      "decimals": 7,
      "from": "GDMOKRKR5WW2WEEBM277CTEMTI4YL3BUET5OWH24FEJYBL5UFVJ33BJZ",
      "to": "GCRV3SU2QBMPL6OB6UVYPRCDQEVRRUNTUIHV2LSBXGT7RUFPVKBVHHDU",
      "txHash": "6650f605b21501bd2afcf913f2b3e5a897c32e73b799a505f9abe9b136da8e2f",
      "value": "10000000000",
      "direction": "In",
      "timestamp": "2025-07-22T01:02:43.000Z"
    },
    "wallet": {
      "address": "GCRV3SU2QBMPL6OB6UVYPRCDQEVRRUNTUIHV2LSBXGT7RUFPVKBVHHDU",
      "dateCreated": "2025-07-21T21:12:12.131Z",
      "custodial": true,
      "name": "Ableez",
      "externalId": "001221",
      "signingKey": {
        "id": "key-2gqnv-5oa8b-9l1b6u6s97a2lim9",
        "publicKey": "a35dca9a8058f5f9c1f52b87c443812b18d1b3a20f5d2e41b9a7f8d0afaa8353",
        "scheme": "EdDSA",
        "curve": "ed25519"
      },
      "id": "wa-6kfq6-5l60l-9jgrm2sbk2udbvkp",
      "network": "StellarTestnet",
      "status": "Active",
      "tags": []
    }
  }
}
[2025-07-22T01:16:07.992Z] {
  "id": "whe-30fno-bn58o-8stoq84cedjtenlm",
  "kind": "wallet.transfer.requested",
  "timestampSent": 1753146969,
  "data": {
    "transferRequest": {
      "requester": {
        "userId": "us-7fsam-ert0a-9iiqn0beo97p35ct"
      },
      "walletId": "wa-6bbqm-2gds9-8mca6m3vh2pebaft",
      "metadata": {
        "asset": {
          "symbol": "testXLM",
          "decimals": 7,
          "quotes": {}
        }
      },
      "requestBody": {
        "kind": "Native",
        "amount": "10000000000",
        "to": "GCRV3SU2QBMPL6OB6UVYPRCDQEVRRUNTUIHV2LSBXGT7RUFPVKBVHHDU"
      },
      "dateRequested": "2025-07-22T01:02:36.906Z",
      "id": "xfr-5edne-g983m-84qosmskovc1lri4",
      "network": "StellarTestnet",
      "status": "Pending"
    }
  }
}
[2025-07-22T01:16:08.106Z] {
  "id": "whe-7pkhs-9nvuj-8t0qvffa3ejo2ck6",
  "kind": "wallet.blockchainevent.detected",
  "timestampSent": 1753146969,
  "data": {
    "blockchainEvent": {
      "walletId": "wa-6bbqm-2gds9-8mca6m3vh2pebaft",
      "symbol": "testXLM",
      "metadata": {
        "asset": {
          "symbol": "testXLM",
          "decimals": 7
        },
        "fee": {
          "symbol": "testXLM",
          "decimals": 7
        }
      },
      "kind": "NativeTransfer",
      "fee": "100",
      "index": "2469713569386497",
      "orgId": "or-2c9hk-pu46t-8i3o8fqge87oubpi",
      "network": "StellarTestnet",
      "blockNumber": 575025,
      "decimals": 7,
      "from": "GDMOKRKR5WW2WEEBM277CTEMTI4YL3BUET5OWH24FEJYBL5UFVJ33BJZ",
      "to": "GCRV3SU2QBMPL6OB6UVYPRCDQEVRRUNTUIHV2LSBXGT7RUFPVKBVHHDU",
      "txHash": "6650f605b21501bd2afcf913f2b3e5a897c32e73b799a505f9abe9b136da8e2f",
      "value": "10000000000",
      "direction": "Out",
      "timestamp": "2025-07-22T01:02:43.000Z"
    },
    "wallet": {
      "address": "GDMOKRKR5WW2WEEBM277CTEMTI4YL3BUET5OWH24FEJYBL5UFVJ33BJZ",
      "dateCreated": "2025-07-22T01:00:56.775Z",
      "custodial": true,
      "name": "ADD",
      "externalId": "74634",
      "signingKey": {
        "id": "key-1alfi-q490l-9f393ht73b11civm",
        "publicKey": "d8e54551edadab108166bff14c8c9a3985ec3424faeb1f5c291380afb42d53bd",
        "scheme": "EdDSA",
        "curve": "ed25519"
      },
      "id": "wa-6bbqm-2gds9-8mca6m3vh2pebaft",
      "network": "StellarTestnet",
      "status": "Active",
      "tags": []
    }
  }
}
[2025-07-22T01:18:06.256Z] {
  "id": "whe-7quog-bon1d-9pn9su9utkn431p8",
  "kind": "wallet.transfer.confirmed",
  "timestampSent": 1753147088,
  "data": {
    "transferRequest": {
      "requester": {
        "userId": "us-7fsam-ert0a-9iiqn0beo97p35ct"
      },
      "walletId": "wa-6bbqm-2gds9-8mca6m3vh2pebaft",
      "metadata": {
        "asset": {
          "symbol": "testXLM",
          "decimals": 7,
          "quotes": {}
        }
      },
      "requestBody": {
        "kind": "Native",
        "amount": "5000000000",
        "to": "GCRV3SU2QBMPL6OB6UVYPRCDQEVRRUNTUIHV2LSBXGT7RUFPVKBVHHDU"
      },
      "fee": "100",
      "dateRequested": "2025-07-22T01:04:19.412Z",
      "dateBroadcasted": "2025-07-22T01:04:20.741Z",
      "id": "xfr-63pd9-vm41g-9u4pvai5qo7mkvme",
      "dateConfirmed": "2025-07-22T01:04:23.000Z",
      "txHash": "424613cf24949ff05a538a856816968d6b890685c4dc8750192cca7c82fd37b5",
      "network": "StellarTestnet",
      "status": "Confirmed"
    }
  }
}
[2025-07-22T01:18:06.281Z] {
  "id": "whe-o1ovb-ctjm9-u8p1hosuo6d8ci0",
  "kind": "wallet.transfer.requested",
  "timestampSent": 1753147088,
  "data": {
    "transferRequest": {
      "requester": {
        "userId": "us-7fsam-ert0a-9iiqn0beo97p35ct"
      },
      "walletId": "wa-6bbqm-2gds9-8mca6m3vh2pebaft",
      "metadata": {
        "asset": {
          "symbol": "testXLM",
          "decimals": 7,
          "quotes": {}
        }
      },
      "requestBody": {
        "kind": "Native",
        "amount": "5000000000",
        "to": "GCRV3SU2QBMPL6OB6UVYPRCDQEVRRUNTUIHV2LSBXGT7RUFPVKBVHHDU"
      },
      "dateRequested": "2025-07-22T01:04:19.412Z",
      "id": "xfr-63pd9-vm41g-9u4pvai5qo7mkvme",
      "network": "StellarTestnet",
      "status": "Pending"
    }
  }
}
[2025-07-22T01:18:06.827Z] {
  "id": "whe-73ooj-q51cq-9q4pcelthv0d7106",
  "kind": "wallet.blockchainevent.detected",
  "timestampSent": 1753147089,
  "data": {
    "blockchainEvent": {
      "walletId": "wa-6kfq6-5l60l-9jgrm2sbk2udbvkp",
      "symbol": "testXLM",
      "metadata": {
        "asset": {
          "symbol": "testXLM",
          "decimals": 7
        },
        "fee": {
          "symbol": "testXLM",
          "decimals": 7
        }
      },
      "kind": "NativeTransfer",
      "fee": "100",
      "index": "2469799468732417",
      "orgId": "or-2c9hk-pu46t-8i3o8fqge87oubpi",
      "network": "StellarTestnet",
      "blockNumber": 575045,
      "decimals": 7,
      "from": "GDMOKRKR5WW2WEEBM277CTEMTI4YL3BUET5OWH24FEJYBL5UFVJ33BJZ",
      "to": "GCRV3SU2QBMPL6OB6UVYPRCDQEVRRUNTUIHV2LSBXGT7RUFPVKBVHHDU",
      "txHash": "424613cf24949ff05a538a856816968d6b890685c4dc8750192cca7c82fd37b5",
      "value": "5000000000",
      "direction": "In",
      "timestamp": "2025-07-22T01:04:23.000Z"
    },
    "wallet": {
      "address": "GCRV3SU2QBMPL6OB6UVYPRCDQEVRRUNTUIHV2LSBXGT7RUFPVKBVHHDU",
      "dateCreated": "2025-07-21T21:12:12.131Z",
      "custodial": true,
      "name": "Ableez",
      "externalId": "001221",
      "signingKey": {
        "id": "key-2gqnv-5oa8b-9l1b6u6s97a2lim9",
        "publicKey": "a35dca9a8058f5f9c1f52b87c443812b18d1b3a20f5d2e41b9a7f8d0afaa8353",
        "scheme": "EdDSA",
        "curve": "ed25519"
      },
      "id": "wa-6kfq6-5l60l-9jgrm2sbk2udbvkp",
      "network": "StellarTestnet",
      "status": "Active",
      "tags": []
    }
  }
}
[2025-07-22T01:18:06.936Z] {
  "id": "whe-14ksc-9b17h-9qrpn0vj5qefq3jp",
  "kind": "wallet.blockchainevent.detected",
  "timestampSent": 1753147089,
  "data": {
    "blockchainEvent": {
      "walletId": "wa-6bbqm-2gds9-8mca6m3vh2pebaft",
      "symbol": "testXLM",
      "metadata": {
        "asset": {
          "symbol": "testXLM",
          "decimals": 7
        },
        "fee": {
          "symbol": "testXLM",
          "decimals": 7
        }
      },
      "kind": "NativeTransfer",
      "fee": "100",
      "index": "2469799468732417",
      "orgId": "or-2c9hk-pu46t-8i3o8fqge87oubpi",
      "network": "StellarTestnet",
      "blockNumber": 575045,
      "decimals": 7,
      "from": "GDMOKRKR5WW2WEEBM277CTEMTI4YL3BUET5OWH24FEJYBL5UFVJ33BJZ",
      "to": "GCRV3SU2QBMPL6OB6UVYPRCDQEVRRUNTUIHV2LSBXGT7RUFPVKBVHHDU",
      "txHash": "424613cf24949ff05a538a856816968d6b890685c4dc8750192cca7c82fd37b5",
      "value": "5000000000",
      "direction": "Out",
      "timestamp": "2025-07-22T01:04:23.000Z"
    },
    "wallet": {
      "address": "GDMOKRKR5WW2WEEBM277CTEMTI4YL3BUET5OWH24FEJYBL5UFVJ33BJZ",
      "dateCreated": "2025-07-22T01:00:56.775Z",
      "custodial": true,
      "name": "ADD",
      "externalId": "74634",
      "signingKey": {
        "id": "key-1alfi-q490l-9f393ht73b11civm",
        "publicKey": "d8e54551edadab108166bff14c8c9a3985ec3424faeb1f5c291380afb42d53bd",
        "scheme": "EdDSA",
        "curve": "ed25519"
      },
      "id": "wa-6bbqm-2gds9-8mca6m3vh2pebaft",
      "network": "StellarTestnet",
      "status": "Active",
      "tags": []
    }
  }
}
[2025-07-23T21:53:59.766Z] {
  "id": "whe-2gtmv-em043-8aq87v6ha9ug92v5",
  "kind": "wallet.blockchainevent.detected",
  "timestampSent": 1753307639,
  "data": {
    "blockchainEvent": {
      "kind": "NativeTransfer",
      "walletId": "wa-4ssqv-c906c-8sga6p4ohnol0dq4",
      "orgId": "or-2c9hk-pu46t-8i3o8fqge87oubpi",
      "network": "StellarTestnet",
      "direction": "In",
      "timestamp": "2025-07-23T21:53:43.000Z",
      "blockNumber": 607276,
      "txHash": "70f2e7a6e2178d30c895e1b31180d0afacc9d8b977185c620436660b54a99928",
      "from": "GAIH3ULLFQ4DGSECF2AR555KZ4KNDGEKN4AFI4SU2M7B43MGK3QJZNSR",
      "to": "GATPZEQHDZZBE7MD5JRI57HZ6RMVNJECFQIA6KGJF446IP6BZW3HYEJX",
      "value": "100000000000",
      "fee": "100",
      "index": "2608230559653889",
      "metadata": {
        "asset": {
          "symbol": "testXLM",
          "decimals": 7
        },
        "fee": {
          "symbol": "testXLM",
          "decimals": 7
        }
      },
      "symbol": "testXLM",
      "decimals": 7
    },
    "wallet": {
      "id": "wa-4ssqv-c906c-8sga6p4ohnol0dq4",
      "network": "StellarTestnet",
      "status": "Active",
      "signingKey": {
        "id": "key-636oj-etba8-9eurkmof2lmfqv48",
        "publicKey": "26fc92071e72127d83ea628efcf9f45956a4822c100f28c92f39e43fc1cdb67c",
        "scheme": "EdDSA",
        "curve": "ed25519"
      },
      "address": "GATPZEQHDZZBE7MD5JRI57HZ6RMVNJECFQIA6KGJF446IP6BZW3HYEJX",
      "name": "0907195781",
      "dateCreated": "2025-07-23T21:53:39.215Z",
      "custodial": true,
      "externalId": "0907195781",
      "tags": []
    }
  }
}
